\BOOKMARK [-1][]{part.1}{\376\377\173\054\116\000\220\350\122\006\000\040\121\375\145\160\137\017\213\355\212\000\166\204\127\372\170\100}{}% 1
\BOOKMARK [0][]{chapter.1}{\376\377\0001\000\040\127\372\147\054\151\202\137\365}{part.1}% 2
\BOOKMARK [1][]{section.1.1}{\376\377\0001\000.\0001\000\040\116\072\116\300\116\110\211\201\133\146\116\140\121\375\145\160\137\017\172\013\136\217\213\276\213\241}{chapter.1}% 3
\BOOKMARK [1][]{section.1.2}{\376\377\0001\000.\0002\000\040\116\300\116\110\146\057\121\375\145\160\137\017\172\013\136\217\213\276\213\241}{chapter.1}% 4
\BOOKMARK [2][]{subsection.1.2.1}{\376\377\0001\000.\0002\000.\0001\000\040\121\375\145\160\124\214\174\173\127\213}{section.1.2}% 5
\BOOKMARK [2][]{subsection.1.2.2}{\376\377\0001\000.\0002\000.\0002\000\040\121\375\145\160\131\015\124\010}{section.1.2}% 6
\BOOKMARK [2][]{subsection.1.2.3}{\376\377\0001\000.\0002\000.\0003\000\040\210\150\217\276\137\017}{section.1.2}% 7
\BOOKMARK [1][]{section.1.3}{\376\377\0001\000.\0003\000\040\000H\000a\000s\000k\000e\000l\000l\172\013\136\217\213\276\213\241\163\257\130\203}{chapter.1}% 8
\BOOKMARK [0][]{chapter.2}{\376\377\0002\000\040\127\372\147\054\145\160\143\156\174\173\127\213}{part.1}% 9
\BOOKMARK [1][]{section.2.1}{\376\377\0002\000.\0001\000\040\136\003\134\024\174\173\127\213\377\032\000\040\000B\000o\000o\000l\000\040}{chapter.2}% 10
\BOOKMARK [0][]{chapter.3}{\376\377\0003\000\040\220\022\137\122\145\160\143\156\174\173\127\213}{part.1}% 11
\BOOKMARK [0][]{chapter.4}{\376\377\0004\000\040\211\304\176\246\152\041\127\213\123\312\172\013\136\217\145\110\163\207}{part.1}% 12
\BOOKMARK [0][]{chapter.5}{\376\377\0005\000\040\142\275\214\141\145\160\143\156\174\173\127\213}{part.1}% 13
\BOOKMARK [0][]{chapter.6}{\376\377\0006\000\040\122\157\117\134\165\050\166\204\142\275\214\141}{part.1}% 14
\BOOKMARK [0][]{chapter.7}{\376\377\0007\000\040\136\224\165\050\0001\000:\000\040\136\166\210\114\213\241\173\227}{part.1}% 15
\BOOKMARK [0][]{chapter.8}{\376\377\0008\000\040\136\224\165\050\0002\000:\000\040\145\160\143\156\122\006\147\220}{part.1}% 16
\BOOKMARK [-1][]{part.2}{\376\377\173\054\116\214\220\350\122\006\000\040\121\375\145\160\137\017\172\013\136\217\166\204\157\024\173\227\127\372\170\100}{}% 17
\BOOKMARK [0][]{chapter.9}{\376\377\0009\000\040\127\372\147\054\151\202\137\365}{part.2}% 18
\BOOKMARK [0][]{chapter.10}{\376\377\0001\0000\000\040\136\217\122\027\174\173\127\213\116\012\166\204\172\013\136\217\157\024\173\227\164\006\213\272}{part.2}% 19
\BOOKMARK [0][]{chapter.11}{\376\377\0001\0001\000\040\220\022\137\122\121\375\145\160\166\204\176\323\147\204\123\026}{part.2}% 20
\BOOKMARK [0][]{chapter.12}{\376\377\0001\0002\000\040\157\024\173\227\211\304\122\031\123\312\121\166\137\000\123\321}{part.2}% 21
\BOOKMARK [0][]{chapter.13}{\376\377\0001\0003\000\040\136\224\165\050\0001\000:\000\040\147\000\117\030\123\026\225\356\230\230}{part.2}% 22
\BOOKMARK [0][]{chapter.14}{\376\377\0001\0004\000\040\136\224\165\050\0002\000:\000\040\136\166\210\114\201\352\122\250\123\026}{part.2}% 23
\BOOKMARK [-1][]{part.3}{\376\377\173\054\116\011\220\350\122\006\000\040\121\375\145\160\137\017\173\227\154\325\166\204\213\276\213\241}{}% 24
\BOOKMARK [0][]{chapter.15}{\376\377\0001\0005\000\040\127\372\147\054\151\202\137\365}{part.3}% 25
\BOOKMARK [0][]{chapter.16}{\376\377\0001\0006\000\040\147\000\134\017\201\352\165\061\145\160\225\356\230\230}{part.3}% 26
\BOOKMARK [0][]{chapter.17}{\376\377\0001\0007\000\040\145\160\162\354\156\070\142\017}{part.3}% 27
\BOOKMARK [-1][]{part.4}{\376\377\173\054\126\333\220\350\122\006\000\040\131\032\203\003\137\017\172\013\136\217\213\355\212\000\116\055\166\204\121\375\145\160\137\017\140\035\176\364}{}% 28
\BOOKMARK [0][]{chapter.18}{\376\377\0001\0008\000\040\173\200\116\313}{part.4}% 29
\BOOKMARK [0][]{chapter.19}{\376\377\0001\0009\000\040\000O\000C\000a\000m\000l}{part.4}% 30
\BOOKMARK [0][]{chapter.20}{\376\377\0002\0000\000\040\000S\000c\000a\000l\000a}{part.4}% 31
\BOOKMARK [0][]{chapter.21}{\376\377\0002\0001\000\040\000J\000a\000v\000a\000s\000c\000r\000i\000p\000t}{part.4}% 32
\BOOKMARK [0][]{chapter.22}{\376\377\0002\0002\000\040\000P\000y\000t\000h\000o\000n}{part.4}% 33
\BOOKMARK [-1][]{part.5}{\376\377\173\054\116\224\220\350\122\006\000\040\000A\000p\000p\000e\000n\000d\000i\000x}{}% 34
\BOOKMARK [0][]{chapter.23}{\376\377\0002\0003\000\040\000H\000u\000d\000a\000k}{part.5}% 35
\BOOKMARK [0][]{chapter.24}{\376\377\0002\0004\000\040\000N\000o\000t\000s\000\040\000o\000n\000\040\000B\000i\000r\000d\000'\000s\000\040\000B\000o\000o\000k}{part.5}% 36
\BOOKMARK [-1][]{part.6}{\376\377\173\054\121\155\220\350\122\006\000\040\000T\000h\000o\000m\000p\000s\000o\000n}{}% 37
\BOOKMARK [0][]{chapter.25}{\376\377\0002\0005\000\040\127\372\147\054\174\173\127\213\123\312\133\232\116\111}{part.6}% 38
\BOOKMARK [1][]{section.25.1}{\376\377\0002\0005\000.\0001\000\040\136\003\134\024\174\173\127\213}{chapter.25}% 39
\BOOKMARK [1][]{section.25.2}{\376\377\0002\0005\000.\0002\000\040\145\164\145\160\174\173\127\213\377\032\000\040\000I\000n\000t\000e\000g\000e\000r\000\040\124\214\000\040\000I\000n\000t\000\040}{chapter.25}% 40
\BOOKMARK [1][]{section.25.3}{\376\377\0002\0005\000.\0003\000\040\133\127\173\046\174\173\127\213\377\032\000\040\000C\000h\000a\000r\000\040}{chapter.25}% 41
\BOOKMARK [1][]{section.25.4}{\376\377\0002\0005\000.\0004\000\040\133\127\173\046\116\062\174\173\127\213\377\032\000\040\000S\000t\000r\000i\000n\000g\000\040}{chapter.25}% 42
\BOOKMARK [1][]{section.25.5}{\376\377\0002\0005\000.\0005\000\040\155\156\160\271\145\160\174\173\127\213\377\032\000\040\000F\000l\000o\000a\000t\000\040}{chapter.25}% 43
\BOOKMARK [0][]{chapter.26}{\376\377\0002\0006\000\040\121\375\145\160\137\017\172\013\136\217\213\276\213\241\116\016\137\000\123\321}{part.6}% 44
\BOOKMARK [1][]{section.26.1}{\376\377\0002\0006\000.\0001\000\040\121\375\145\160\137\017\172\013\136\217\213\276\213\241}{chapter.26}% 45
\BOOKMARK [0][]{chapter.27}{\376\377\0002\0007\000\040\176\304\124\010\174\173\127\213}{part.6}% 46
\BOOKMARK [1][]{section.27.1}{\376\377\0002\0007\000.\0001\000\040\176\304\174\173\127\213}{chapter.27}% 47
\BOOKMARK [1][]{section.27.2}{\376\377\0002\0007\000.\0002\000\040\116\343\145\160\174\173\127\213}{chapter.27}% 48
\BOOKMARK [2][]{subsection.27.2.1}{\376\377\0002\0007\000.\0002\000.\0001\000\040\147\232\116\076\174\173\127\213}{section.27.2}% 49
\BOOKMARK [2][]{subsection.27.2.2}{\376\377\0002\0007\000.\0002\000.\0002\000\040\171\357\174\173\127\213}{section.27.2}% 50
\BOOKMARK [2][]{subsection.27.2.3}{\376\377\0002\0007\000.\0002\000.\0003\000\040\124\214\174\173\127\213}{section.27.2}% 51
\BOOKMARK [1][]{section.27.3}{\376\377\0002\0007\000.\0003\000\040\122\027\210\150}{chapter.27}% 52
